

Version:	3.10
CmdLine:	C:\Users\Jupiter\Google Drive\MEETIS\MEETIS\CountUp.exe --l4j-debug
WOW64:		yes
Working dir:	C:\Users\Jupiter\Google Drive\MEETIS\MEETIS\.
Java min ver:	1.7.0_055
Java max ver:	
64-bit search:	SOFTWARE\JavaSoft\Java Runtime Environment...
Check:		SOFTWARE\JavaSoft\Java Runtime Environment\1.8
Check launcher:	C:\Program Files\Java\jre1.8.0_66\bin\javaw.exe (OK)
Match:		1.8
Check:		SOFTWARE\JavaSoft\Java Runtime Environment\1.8.0_66
Check launcher:	C:\Program Files\Java\jre1.8.0_66\bin\javaw.exe (OK)
Match:		1.8.0_066
64-bit search:	SOFTWARE\JavaSoft\Java Development Kit...
Check:		SOFTWARE\JavaSoft\Java Development Kit\1.8
Ignore:		1.8
Check:		SOFTWARE\JavaSoft\Java Development Kit\1.8.0_65
Ignore:		1.8.0_065
Check:		SOFTWARE\JavaSoft\Java Development Kit\1.8.0_66
Ignore:		1.8.0_066
64-bit search:	SOFTWARE\JavaSoft\JRE...
64-bit search:	SOFTWARE\JavaSoft\JDK...
Runtime used:	1.8.0_066 (64-bit)
Substitute:	JAVA_HOME = C:\Program Files\Java\jdk1.8.0_66
Launcher:	C:\Program Files\Java\jre1.8.0_66\bin\javaw.exe
Launcher args:	C:\Program Files\Java\jdk1.8.0_66 -jar "C:\Users\Jupiter\Google Drive\MEETIS\MEETIS\CountUp.exe"
Args length:	96/32768 chars
Exit code:	0


Version:	3.10
CmdLine:	C:\Users\Jupiter\Google Drive\MEETIS\MEETIS\CountUp.exe --l4j-debug
WOW64:		yes
Working dir:	C:\Users\Jupiter\Google Drive\MEETIS\MEETIS\.
Java min ver:	1.7.0_055
Java max ver:	
64-bit search:	SOFTWARE\JavaSoft\Java Runtime Environment...
Check:		SOFTWARE\JavaSoft\Java Runtime Environment\1.8
Check launcher:	C:\Program Files\Java\jre1.8.0_66\bin\javaw.exe (OK)
Match:		1.8
Check:		SOFTWARE\JavaSoft\Java Runtime Environment\1.8.0_66
Check launcher:	C:\Program Files\Java\jre1.8.0_66\bin\javaw.exe (OK)
Match:		1.8.0_066
64-bit search:	SOFTWARE\JavaSoft\Java Development Kit...
Check:		SOFTWARE\JavaSoft\Java Development Kit\1.8
Ignore:		1.8
Check:		SOFTWARE\JavaSoft\Java Development Kit\1.8.0_65
Ignore:		1.8.0_065
Check:		SOFTWARE\JavaSoft\Java Development Kit\1.8.0_66
Ignore:		1.8.0_066
64-bit search:	SOFTWARE\JavaSoft\JRE...
64-bit search:	SOFTWARE\JavaSoft\JDK...
Runtime used:	1.8.0_066 (64-bit)
Substitute:	JAVA_HOME = C:\Program Files\Java\jdk1.8.0_66
Launcher:	C:\Program Files\Java\jre1.8.0_66\bin\javaw.exe
Launcher args:	C:\Program Files\Java\jdk1.8.0_66 -jar "C:\Users\Jupiter\Google Drive\MEETIS\MEETIS\CountUp.exe"
Args length:	96/32768 chars
Exit code:	0


Version:	3.10
CmdLine:	C:\Users\Jupiter\Google Drive\MEETIS\MEETIS\CountUp.exe --l4j-debug
WOW64:		yes
Working dir:	C:\Users\Jupiter\Google Drive\MEETIS\MEETIS\.
Java min ver:	1.7.0_055
Java max ver:	
64-bit search:	SOFTWARE\JavaSoft\Java Runtime Environment...
Check:		SOFTWARE\JavaSoft\Java Runtime Environment\1.8
Check launcher:	C:\Program Files\Java\jre1.8.0_66\bin\javaw.exe (OK)
Match:		1.8
Check:		SOFTWARE\JavaSoft\Java Runtime Environment\1.8.0_66
Check launcher:	C:\Program Files\Java\jre1.8.0_66\bin\javaw.exe (OK)
Match:		1.8.0_066
64-bit search:	SOFTWARE\JavaSoft\Java Development Kit...
Check:		SOFTWARE\JavaSoft\Java Development Kit\1.8
Ignore:		1.8
Check:		SOFTWARE\JavaSoft\Java Development Kit\1.8.0_65
Ignore:		1.8.0_065
Check:		SOFTWARE\JavaSoft\Java Development Kit\1.8.0_66
Ignore:		1.8.0_066
64-bit search:	SOFTWARE\JavaSoft\JRE...
64-bit search:	SOFTWARE\JavaSoft\JDK...
Runtime used:	1.8.0_066 (64-bit)
Substitute:	JAVA_HOME = C:\Program Files\Java\jdk1.8.0_66
Main class:	CountUp
Add classpath:	CountUp
Launcher:	C:\Program Files\Java\jre1.8.0_66\bin\javaw.exe
Launcher args:	C:\Program Files\Java\jdk1.8.0_66 -classpath "C:\Users\Jupiter\Google Drive\MEETIS\MEETIS\CountUp.exe;CountUp" CountUp
Args length:	118/32768 chars
Exit code:	0


Version:	3.10
CmdLine:	C:\Users\Jupiter\Google Drive\MEETIS\MEETIS\CountUp.exe --l4j-debug
WOW64:		yes
Working dir:	C:\Users\Jupiter\Google Drive\MEETIS\MEETIS\.
Java min ver:	1.7.0_055
Java max ver:	
64-bit search:	SOFTWARE\JavaSoft\Java Runtime Environment...
Check:		SOFTWARE\JavaSoft\Java Runtime Environment\1.8
Check launcher:	C:\Program Files\Java\jre1.8.0_66\bin\javaw.exe (OK)
Match:		1.8
Check:		SOFTWARE\JavaSoft\Java Runtime Environment\1.8.0_66
Check launcher:	C:\Program Files\Java\jre1.8.0_66\bin\javaw.exe (OK)
Match:		1.8.0_066
64-bit search:	SOFTWARE\JavaSoft\Java Development Kit...
Check:		SOFTWARE\JavaSoft\Java Development Kit\1.8
Ignore:		1.8
Check:		SOFTWARE\JavaSoft\Java Development Kit\1.8.0_65
Ignore:		1.8.0_065
Check:		SOFTWARE\JavaSoft\Java Development Kit\1.8.0_66
Ignore:		1.8.0_066
64-bit search:	SOFTWARE\JavaSoft\JRE...
64-bit search:	SOFTWARE\JavaSoft\JDK...
Runtime used:	1.8.0_066 (64-bit)
Substitute:	JAVA_HOME = C:\Program Files\Java\jdk1.8.0_66
Main class:	CountUp
Add classpath:	CountUp
Launcher:	C:\Program Files\Java\jre1.8.0_66\bin\javaw.exe
Launcher args:	C:\Program Files\Java\jdk1.8.0_66 -classpath "C:\Users\Jupiter\Google Drive\MEETIS\MEETIS\CountUp.exe;CountUp" CountUp
Args length:	118/32768 chars
Exit code:	0


Version:	3.10
CmdLine:	C:\Users\Jupiter\Google Drive\MEETIS\MEETIS\CountUp.exe --l4j-debug
WOW64:		yes
Working dir:	C:\Users\Jupiter\Google Drive\MEETIS\MEETIS\.
Java min ver:	1.7.0_055
Java max ver:	
64-bit search:	SOFTWARE\JavaSoft\Java Runtime Environment...
Check:		SOFTWARE\JavaSoft\Java Runtime Environment\1.8
Check launcher:	C:\Program Files\Java\jre1.8.0_66\bin\javaw.exe (OK)
Match:		1.8
Check:		SOFTWARE\JavaSoft\Java Runtime Environment\1.8.0_66
Check launcher:	C:\Program Files\Java\jre1.8.0_66\bin\javaw.exe (OK)
Match:		1.8.0_066
64-bit search:	SOFTWARE\JavaSoft\Java Development Kit...
Check:		SOFTWARE\JavaSoft\Java Development Kit\1.8
Ignore:		1.8
Check:		SOFTWARE\JavaSoft\Java Development Kit\1.8.0_65
Ignore:		1.8.0_065
Check:		SOFTWARE\JavaSoft\Java Development Kit\1.8.0_66
Ignore:		1.8.0_066
64-bit search:	SOFTWARE\JavaSoft\JRE...
64-bit search:	SOFTWARE\JavaSoft\JDK...
Runtime used:	1.8.0_066 (64-bit)
Substitute:	JAVA_HOME = C:\Program Files\Java\jdk1.8.0_66
Main class:	CountUp
Add classpath:	CountUp
Launcher:	C:\Program Files\Java\jre1.8.0_66\bin\javaw.exe
Launcher args:	C:\Program Files\Java\jdk1.8.0_66 -classpath "C:\Users\Jupiter\Google Drive\MEETIS\MEETIS\CountUp.exe;CountUp" CountUp
Args length:	118/32768 chars
Exit code:	0


Version:	3.10
CmdLine:	C:\Users\Jupiter\Google Drive\MEETIS\MEETIS\CountUp.exe --l4j-debug
WOW64:		yes
Working dir:	C:\Users\Jupiter\Google Drive\MEETIS\MEETIS\.
Java min ver:	1.6.0
Java max ver:	
64-bit search:	SOFTWARE\JavaSoft\Java Runtime Environment...
Check:		SOFTWARE\JavaSoft\Java Runtime Environment\1.8
Check launcher:	C:\Program Files\Java\jre1.8.0_66\bin\javaw.exe (OK)
Match:		1.8
Check:		SOFTWARE\JavaSoft\Java Runtime Environment\1.8.0_66
Check launcher:	C:\Program Files\Java\jre1.8.0_66\bin\javaw.exe (OK)
Match:		1.8.0_066
64-bit search:	SOFTWARE\JavaSoft\Java Development Kit...
Check:		SOFTWARE\JavaSoft\Java Development Kit\1.8
Ignore:		1.8
Check:		SOFTWARE\JavaSoft\Java Development Kit\1.8.0_65
Ignore:		1.8.0_065
Check:		SOFTWARE\JavaSoft\Java Development Kit\1.8.0_66
Ignore:		1.8.0_066
64-bit search:	SOFTWARE\JavaSoft\JRE...
64-bit search:	SOFTWARE\JavaSoft\JDK...
Runtime used:	1.8.0_066 (64-bit)
Launcher:	C:\Program Files\Java\jre1.8.0_66\bin\javaw.exe
Launcher args:	-jar "C:\Users\Jupiter\Google Drive\MEETIS\MEETIS\CountUp.exe"
Args length:	62/32768 chars
Exit code:	0
